2025-11-06 05:15:40,561 - my_app_logger - INFO - Archivo subido correctamente
2025-11-06 05:16:22,883 - my_app_logger - INFO - Payload a enviar Begranda: [{"id_documento": 109, "id_comprobante": 13, "id_nit": 245, "fecha": "2025-11-06T00:00:00", "fecha_manual": "2025-02-11", "id_cuenta": 6070884, "valor": 1.0, "tipo": 0, "concepto": "PRUEBA", "documento_referencia": "https://s3.amazonaws.com/genefixtemporal/67b773fb-4b29-4cb0-aa4a-eacf95bbc13c_611.pdf", "token": "", "extra": "Id de la cuenta: 1002; Tipo de la cuenta: 513515 - ASISTENCIA TECNICA"}, {"id_documento": 109, "id_comprobante": 13, "id_nit": 1, "fecha": "2025-11-06T00:00:00", "fecha_manual": "2025-02-11", "id_cuenta": 6070884, "valor": 1.0, "tipo": 1, "concepto": "LEGALIZACI\u00d3N DE CAJA MENOR", "documento_referencia": "https://s3.amazonaws.com/genefixtemporal/67b773fb-4b29-4cb0-aa4a-eacf95bbc13c_611.pdf", "token": "", "extra": "Id de la cuenta: 1002; Tipo de la cuenta: 513515 - ASISTENCIA TECNICA"}]
2025-11-06 05:16:23,556 - my_app_logger - INFO - Datos Enviados Begranda: {"documents": [{"id": 9}, {"id": 109}]}
2025-11-06 05:16:23,559 - my_app_logger - ERROR - Error al crear en begranda la causación contable de crédito: {"e_time": 0.064664840698242, "status": "success", "message": "Saved", "add": false, "queryParams": {"limit": null, "offset": null, "order": null}, "data": true}
2025-11-06 05:21:52,699 - my_app_logger - INFO - Payload a enviar Begranda: [{"id_documento": 110, "id_comprobante": 13, "id_nit": 245, "fecha": "2025-11-06T00:00:00", "fecha_manual": "2025-02-11", "id_cuenta": 6070920, "valor": 1.0, "tipo": 0, "concepto": "PRUEBA", "documento_referencia": "https://s3.amazonaws.com/genefixtemporal/67b773fb-4b29-4cb0-aa4a-eacf95bbc13c_611.pdf", "token": "", "extra": "Id de la cuenta: 1002; Tipo de la cuenta: 513515 - ASISTENCIA TECNICA"}, {"id_documento": 110, "id_comprobante": 13, "id_nit": 1, "fecha": "2025-11-06T00:00:00", "fecha_manual": "2025-02-11", "id_cuenta": 6070920, "valor": 1.0, "tipo": 1, "concepto": "LEGALIZACI\u00d3N DE CAJA MENOR", "documento_referencia": "https://s3.amazonaws.com/genefixtemporal/67b773fb-4b29-4cb0-aa4a-eacf95bbc13c_611.pdf", "token": "", "extra": "Id de la cuenta: 1002; Tipo de la cuenta: 513515 - ASISTENCIA TECNICA"}]
2025-11-06 05:21:53,456 - my_app_logger - INFO - Datos Enviados Begranda: {"documents": [{"id": 9}, {"id": 110}]}
2025-11-06 05:21:53,459 - my_app_logger - ERROR - Error al crear en begranda la causación contable de crédito: {"e_time": 0.067487001419067, "status": "success", "message": "Saved", "add": false, "queryParams": {"limit": null, "offset": null, "order": null}, "data": true}
2025-11-12 14:23:43,078 - my_app_logger - INFO - Archivo subido correctamente
2025-11-12 14:25:13,058 - my_app_logger - ERROR - Error al finalizar la causación contable: 'CausacionContable' object has no attribute 'idcuenta'
2025-11-12 14:28:39,807 - my_app_logger - ERROR - Error al finalizar la causación contable: 'CausacionContable' object has no attribute 'idcuenta'
2025-11-12 14:36:42,804 - my_app_logger - ERROR - Error al finalizar la causación contable: 'CausacionContable' object has no attribute 'idcuenta'
2025-11-12 14:41:44,665 - my_app_logger - ERROR - Causacion: Error al finalizar la causación contable: 'CausacionContable' object has no attribute 'idcuenta'
2025-11-12 14:59:14,219 - my_app_logger - INFO - Archivo subido correctamente
2025-11-12 15:00:19,186 - my_app_logger - ERROR - Causacion: Error al finalizar la causación contable: 'CausacionContable' object has no attribute 'idcuenta'
2025-11-21 12:14:29,505 - my_app_logger - INFO - Archivo subido correctamente
2025-11-21 12:14:50,571 - my_app_logger - INFO - Payload a enviar Begranda: [{"id_documento": 6, "id_comprobante": 28, "id_nit": 3, "fecha": "2025-11-21T00:00:00", "fecha_manual": "2025-11-21", "id_cuenta": 6069906, "valor": 1.0, "tipo": 0, "concepto": "Prueba", "documento_referencia": "https://s3.amazonaws.com/genefixtemporal/88ddc27f-477c-4056-9219-d8a24ea23c70_2111.pdf", "token": "", "extra": "Id de la cuenta: 1001"}, {"id_documento": 6, "id_comprobante": 28, "id_nit": 1, "fecha": "2025-11-21T00:00:00", "fecha_manual": "2025-11-21", "id_cuenta": 6070906, "valor": 1.0, "tipo": 1, "concepto": "LEGALIZACI\u00d3N DE CAJA MENOR", "documento_referencia": "https://s3.amazonaws.com/genefixtemporal/88ddc27f-477c-4056-9219-d8a24ea23c70_2111.pdf", "token": "", "extra": "Id de la cuenta: 1001"}]
2025-11-21 12:14:51,301 - my_app_logger - INFO - Datos Enviados Begranda: {"documents": [{"id": 7}, {"id": 6}]}
2025-11-21 12:14:51,303 - my_app_logger - ERROR - Causacion: Error al finalizar la causación contable: cannot access local variable 'report_str' where it is not associated with a value
2025-11-25 00:11:37,814 - my_app_logger - INFO - Archivo subido correctamente
2025-11-25 00:14:18,441 - my_app_logger - ERROR - Causacion: Error al finalizar la causación contable: 'CausacionContable' object has no attribute 'idcuenta'
2025-11-25 00:15:09,963 - my_app_logger - INFO - Payload a enviar Begranda: [{"id_documento": 9, "id_comprobante": 28, "id_centro_costo": "1004001", "id_nit": 3, "fecha": "2025-11-25T00:00:00", "fecha_manual": "2025-11-24", "id_cuenta": 6069899, "valor": 1.0, "tipo": 0, "concepto": "Prueba", "documento_referencia": "https://s3.amazonaws.com/genefixtemporal/9c8ce9e6-1d23-40dc-b269-247da82a2671_2511.pdf", "token": "", "extra": ""}, {"id_documento": 9, "id_comprobante": 28, "id_centro_costo": "1004001", "id_nit": 1, "fecha": "2025-11-25T00:00:00", "fecha_manual": "2025-11-24", "id_cuenta": 6070884, "valor": 1.0, "tipo": 1, "concepto": "LEGALIZACI\u00d3N DE CAJA MENOR", "documento_referencia": "https://s3.amazonaws.com/genefixtemporal/9c8ce9e6-1d23-40dc-b269-247da82a2671_2511.pdf", "token": "", "extra": ""}]
2025-11-25 00:15:10,669 - my_app_logger - INFO - Datos Enviados Begranda: {"documents": [{"id": 8}, {"id": 9}]}
2025-11-25 00:15:10,672 - my_app_logger - ERROR - Error al crear en begranda la causación contable de crédito: {"e_time": 0.10672402381897, "status": "failed", "message": "Bad fields query selected", "add": "SQLSTATE[23000]: Integrity constraint violation: 1452 Cannot add or update a child row: a foreign key constraint fails (`bgrandac_equilibrium_demostracion`.`con_documentos_general`, CONSTRAINT `con_documentos_general_ibfk_5` FOREIGN KEY (`id_centro_costo`) REFERENCES `con_centro_costos` (`id`) ON DELETE NO ACTI) (SQL: insert into `con_documentos_general` (`concepto`, `documento_referencia`, `extra`, `fecha`, `fecha_manual`, `id_centro_costo`, `id_comprobante`, `id_cuenta`, `id_documento`, `id_key`, `id_nit`, `tipo`, `token`, `valor`) values (Prueba, https://s3.amazonaws.com/genefixtemporal/9c8ce9e6-1d23-40dc-b269-247da82a2671_2511.pdf, , 2025-11-25T00:00:00, 2025-11-24, 1004001, 28, 6069899, 9, 2309, 3, 0, , 1), (LEGALIZACI\u00d3N DE CAJA MENOR, https://s3.amazonaws.com/genefixtemporal/9c8ce9e6-1d23-40dc-b269-247da82a2671_2511.pdf, , 2025-11-25T00:00:00, 2025-11-24, 1004001, 28, 6070884, 9, 2309, 1, 1, , 1))", "queryParams": {"limit": null, "offset": null, "order": null}, "data": []}
2025-11-25 00:29:10,088 - my_app_logger - INFO - Archivo subido correctamente
2025-11-25 00:29:33,526 - my_app_logger - INFO - Payload a enviar Begranda: [{"id_documento": 10, "id_comprobante": 28, "id_centro_costo": "17", "id_nit": 3, "fecha": "2025-11-25T00:00:00", "fecha_manual": "2025-11-24", "id_cuenta": 6069899, "valor": 1.0, "tipo": 0, "concepto": "Prueba", "documento_referencia": "https://s3.amazonaws.com/genefixtemporal/3034bcef-94ed-4eec-aad8-dc64b7896be8_2511.pdf", "token": "", "extra": ""}, {"id_documento": 10, "id_comprobante": 28, "id_centro_costo": "17", "id_nit": 1, "fecha": "2025-11-25T00:00:00", "fecha_manual": "2025-11-24", "id_cuenta": 6070906, "valor": 1.0, "tipo": 1, "concepto": "LEGALIZACI\u00d3N DE CAJA MENOR", "documento_referencia": "https://s3.amazonaws.com/genefixtemporal/3034bcef-94ed-4eec-aad8-dc64b7896be8_2511.pdf", "token": "", "extra": ""}]
2025-11-25 00:29:34,372 - my_app_logger - INFO - Datos Enviados Begranda: {"documents": [{"id": 11}, {"id": 10}]}
2025-11-25 00:29:34,375 - my_app_logger - ERROR - Error al crear en begranda la causación contable de crédito: {"e_time": 0.24303579330444, "status": "success", "message": "Saved", "add": false, "queryParams": {"limit": null, "offset": null, "order": null}, "data": true}
2025-11-25 00:47:28,036 - my_app_logger - INFO - Archivo subido correctamente
2025-11-21 12:38:51,774 - my_app_logger - ERROR - Causacion: Error al finalizar la causación contable: 'CausacionContable' object has no attribute 'idcuenta'
